<?xml version="1.0" encoding="UTF-8"?>
<testsuite name="com.telran.contacts.tests.LoginTests" tests="2" skipped="0" failures="0" errors="0" timestamp="2022-08-09T08:50:27" hostname="DESKTOP-B22BUUO" time="7.065">
  <properties/>
  <testcase name="loginUserNegativeTest" classname="com.telran.contacts.tests.LoginTests" time="1.835"/>
  <testcase name="loginUserPositiveTest" classname="com.telran.contacts.tests.LoginTests" time="1.486"/>
  <system-out><![CDATA[]]></system-out>
  <system-err><![CDATA[Starting ChromeDriver 102.0.5005.61 (0e59bcc00cc4985ce39ad31c150065f159d95ad3-refs/branch-heads/5005@{#819}) on port 7301
Only local connections are allowed.
Please see https://chromedriver.chromium.org/security-considerations for suggestions on keeping ChromeDriver safe.
ChromeDriver was started successfully.
[1660035024.993][WARNING]: This version of ChromeDriver has not been tested with Chrome version 103.
Aug 09, 2022 10:50:25 AM org.openqa.selenium.remote.ProtocolHandshake createSession
INFO: Detected dialect: W3C
Starting ChromeDriver 102.0.5005.61 (0e59bcc00cc4985ce39ad31c150065f159d95ad3-refs/branch-heads/5005@{#819}) on port 23220
Only local connections are allowed.
Please see https://chromedriver.chromium.org/security-considerations for suggestions on keeping ChromeDriver safe.
ChromeDriver was started successfully.
[1660035031.110][WARNING]: This version of ChromeDriver has not been tested with Chrome version 103.
Aug 09, 2022 10:50:31 AM org.openqa.selenium.remote.ProtocolHandshake createSession
INFO: Detected dialect: W3C
]]></system-err>
</testsuite>
