<?xml version="1.0" encoding="UTF-8"?>
<testsuite name="com.telran.contacts.tests.HomePageTests" tests="4" skipped="0" failures="0" errors="0" timestamp="2022-08-06T11:08:06" hostname="DESKTOP-B22BUUO" time="14.335">
  <properties/>
  <testcase name="LogoAboutPresent" classname="com.telran.contacts.tests.HomePageTests" time="0.056"/>
  <testcase name="LogoHomePresent" classname="com.telran.contacts.tests.HomePageTests" time="0.034"/>
  <testcase name="LogoPhonebookPresent" classname="com.telran.contacts.tests.HomePageTests" time="0.086"/>
  <testcase name="openHomePage" classname="com.telran.contacts.tests.HomePageTests" time="0.059"/>
  <system-out><![CDATA[Site opened!!!
]]></system-out>
  <system-err><![CDATA[Starting ChromeDriver 102.0.5005.61 (0e59bcc00cc4985ce39ad31c150065f159d95ad3-refs/branch-heads/5005@{#819}) on port 19544
Only local connections are allowed.
Please see https://chromedriver.chromium.org/security-considerations for suggestions on keeping ChromeDriver safe.
ChromeDriver was started successfully.
[1659784084.140][WARNING]: This version of ChromeDriver has not been tested with Chrome version 103.
Aug 06, 2022 1:08:04 PM org.openqa.selenium.remote.ProtocolHandshake createSession
INFO: Detected dialect: W3C
Starting ChromeDriver 102.0.5005.61 (0e59bcc00cc4985ce39ad31c150065f159d95ad3-refs/branch-heads/5005@{#819}) on port 20423
Only local connections are allowed.
Please see https://chromedriver.chromium.org/security-considerations for suggestions on keeping ChromeDriver safe.
ChromeDriver was started successfully.
[1659784088.185][WARNING]: This version of ChromeDriver has not been tested with Chrome version 103.
Aug 06, 2022 1:08:08 PM org.openqa.selenium.remote.ProtocolHandshake createSession
INFO: Detected dialect: W3C
Starting ChromeDriver 102.0.5005.61 (0e59bcc00cc4985ce39ad31c150065f159d95ad3-refs/branch-heads/5005@{#819}) on port 34517
Only local connections are allowed.
Please see https://chromedriver.chromium.org/security-considerations for suggestions on keeping ChromeDriver safe.
ChromeDriver was started successfully.
[1659784093.133][WARNING]: This version of ChromeDriver has not been tested with Chrome version 103.
Aug 06, 2022 1:08:13 PM org.openqa.selenium.remote.ProtocolHandshake createSession
INFO: Detected dialect: W3C
Starting ChromeDriver 102.0.5005.61 (0e59bcc00cc4985ce39ad31c150065f159d95ad3-refs/branch-heads/5005@{#819}) on port 38130
Only local connections are allowed.
Please see https://chromedriver.chromium.org/security-considerations for suggestions on keeping ChromeDriver safe.
ChromeDriver was started successfully.
[1659784098.382][WARNING]: This version of ChromeDriver has not been tested with Chrome version 103.
Aug 06, 2022 1:08:18 PM org.openqa.selenium.remote.ProtocolHandshake createSession
INFO: Detected dialect: W3C
]]></system-err>
</testsuite>
